C51 COMPILER V9.56.0.0   HELLO                                                             06/30/2022 18:18:54 PAGE 1   


C51 COMPILER V9.56.0.0, COMPILATION OF MODULE HELLO
OBJECT MODULE PLACED IN HELLO.OBJ
COMPILER INVOKED BY: E:\Keil_v4\C51\BIN\C51.EXE HELLO.C OPTIMIZE(8,SPEED) BROWSE DEBUG OBJECTEXTEND TABS(2)

line level    source

   1          #include <REG51.h>
   2          sbit LED = P3^3;
   3          sbit key = P3^2;
   4          int flag=0;
   5          void DELAY_MS (unsigned int a){
   6   1          unsigned int i;
   7   1          while ( --a != 0 )    {
   8   2              for (i=0;i<=600;i++);
   9   2          }
  10   1      }
  11           void GPIO_Init()
  12          {
  13   1      //  P3M0|=0x00;//0000 0000
  14   1      //  P3M1|=0x04;//0000 0000 
  15   1        P3M0|=0x08;//0000 0000
  16   1        P3M1|=0x04;//0000 0000 
  17   1      //  P3M1=0xA0;//0000 0100B
  18   1      //  P3M0=0xC0;//1111 1011B
  19   1      }
  20          void main (void) 
  21            {
  22   1           key=0;
  23   1           LED=0;
  24   1           GPIO_Init();
  25   1      
  26   1           while (1)    
  27   1             {
  28   2      //          LED = 1;
  29   2      //         DELAY_MS(1000);
  30   2      //         LED = 0;
  31   2      //         DELAY_MS(1000);
  32   2      
  33   2               if(key==1)
  34   2               {
  35   3              flag=1;
  36   3               }
  37   2               if(flag==1)
  38   2               {
  39   3                LED = 1;
  40   3               }
  41   2         }
  42   1      }
  43          


MODULE INFORMATION:   STATIC OVERLAYABLE
   CODE SIZE        =     64    ----
   CONSTANT SIZE    =   ----    ----
   XDATA SIZE       =   ----    ----
   PDATA SIZE       =   ----    ----
   DATA SIZE        =      2    ----
   IDATA SIZE       =   ----    ----
   BIT SIZE         =   ----    ----
END OF MODULE INFORMATION.


C51 COMPILATION COMPLETE.  0 WARNING(S),  0 ERROR(S)
